     1                                  ;****************************************************************************************************************************
     2                                  ;Program name: "Assignment 5, Execution Speed". This program calculated the execution time of a taylor series.              *
     3                                  ;Copyright (C) 2024  Christine Mier                                                                                         *
     4                                  ;This program is free software: you can redistribute it and/or modify it under the terms of the GNU General Public License  *
     5                                  ;version 3 as published by the Free Software Foundation.                                                                    *
     6                                  ;This program is distributed in the hope that it will be useful, but WITHOUT ANY WARRANTY; without even the implied         *
     7                                  ;warranty of MERCHANTABILITY or FITNESS FOR A PARTICULAR PURPOSE.  See the GNU General Public License for more details.     *
     8                                  ;A copy of the GNU General Public License v3 is available here:  <https://www.gnu.org/licenses/>.                           *
     9                                  ;****************************************************************************************************************************
    10                                  
    11                                  
    12                                  
    13                                  ;========1=========2=========3=========4=========5=========6=========7=========8=========9=========0=========1=========2=========3=========4=========5=========6=========7**
    14                                  ;Author information
    15                                  ;  Author name: Christine Mier
    16                                  ;  Author email: cmier@csu.fullerton.edu
    17                                  ;
    18                                  ;Program information
    19                                  ; Program name: Assignment 5, Execution Speed
    20                                  ;  Programming languages X86 with one module in C
    21                                  ;  Date development of version 1 began 2024-Nov-13
    22                                  ;  Date development of version 1 completed 2024-Nov-26
    23                                  ;
    24                                  ;Purpose
    25                                  ;   This file calculates the taylor series values and returns the results to the series.asm file
    26                                  ;Project information
    27                                  ;  Files: main.c, series.asm, taylor.asm, r.sh
    28                                  ;  Status: The program has been tested extensively with no detectable errors.
    29                                  ;
    30                                  ;Translator information
    31                                  ;  Linux: nasm -f elf64 -l taylor.lis -o taylor.o taylor.asm
    32                                  ;
    33                                  ;References and credits
    34                                  ;
    35                                  ;Format information
    36                                  ;  Page width: 172 columns
    37                                  ;  Begin comments: 61
    38                                  ;  Optimal print specification: Landscape, 7 points, monospace, 8½x11 paper
    39                                  ;
    40                                  ;===== Begin code area ====================================================================================================================================================
    41                                  
    42                                  extern series
    43                                  extern fgets
    44                                  extern stdin
    45                                  extern printf
    46                                  global taylor
    47                                  
    48                                  segment .data
    49 00000000 257300                      stringformat db "%s", 0
    50 00000003 2A2A54686973206973-         test_string db "**This is a test**", 10, 0
    50 0000000C 206120746573742A2A-
    50 00000015 0A00               
    51 00000017 000000000000F03F            one dq  1.0
    52                                  
    53                                  segment .bss
    54                                  
    55                                  segment .text
    56                                  taylor:
    57                                  ;push GPRs
    58 00000000 55                      push rbp
    59 00000001 4889E5                  mov rbp, rsp
    60 00000004 53                      push rbx
    61 00000005 51                      push rcx
    62 00000006 52                      push rdx
    63 00000007 57                      push rdi
    64 00000008 56                      push rsi
    65 00000009 4150                    push r8
    66 0000000B 4151                    push r9
    67 0000000D 4152                    push r10
    68 0000000F 4153                    push r11
    69 00000011 4154                    push r12
    70 00000013 4155                    push r13
    71 00000015 4156                    push r14
    72 00000017 4157                    push r15
    73 00000019 9C                      pushf
    74                                  ;*****************************************************Taylor Loop*****************************************************
    75                                      ;initialize variables
    76 0000001A B801000000                  mov     rax, 1
    77 0000001F F20F100C25-                 movsd   xmm1, qword [one]
    77 00000024 [17000000]         
    78 00000028 F20F101425-                 movsd   xmm2, qword [one]
    78 0000002D [17000000]         
    79 00000031 F20F101C25-                 movsd   xmm3, qword [one]
    79 00000036 [17000000]         
    80                                  
    81                                      ;initialize counter
    82 0000003A 4831C0                      xor     rax, rax
    83                                  loop:
    84 0000003D 48FFC0                      inc     rax
    85 00000040 4839F8                      cmp     rax, rdi
    86 00000043 7D1B                        jge     end_loop
    87                                  
    88                                      ;compute current term (x^n / n!)
    89 00000045 F20F59C8                    mulsd   xmm1, xmm0
    90                                  
    91                                      ;bottom = bottom * i
    92 00000049 F2480F2AE0                  cvtsi2sd    xmm4, rax
    93 0000004E F20F59D4                    mulsd   xmm2, xmm4
    94                                  
    95 00000052 F20F10E1                    movsd   xmm4, xmm1
    96 00000056 F20F5ECA                    divsd   xmm1, xmm2
    97 0000005A F20F58D9                    addsd   xmm3, xmm1
    98                                  
    99 0000005E EBDD                        jmp     loop
   100                                      
   101                                  end_loop:
   102 00000060 F20F10C3                    movsd   xmm0, xmm3
   103                                  
   104                                  ;restore GPRs
   105 00000064 9D                      popf
   106 00000065 415F                    pop r15
   107 00000067 415E                    pop r14
   108 00000069 415D                    pop r13
   109 0000006B 415C                    pop r12
   110 0000006D 415B                    pop r11
   111 0000006F 415A                    pop r10
   112 00000071 4159                    pop r9
   113 00000073 4158                    pop r8
   114 00000075 5E                      pop rsi
   115 00000076 5F                      pop rdi
   116 00000077 5A                      pop rdx
   117 00000078 59                      pop rcx
   118 00000079 5B                      pop rbx
   119 0000007A 5D                      pop rbp
   120                                  
   121 0000007B C3                      ret
